<?xml version="1.0" encoding="UTF-8"?>
<!-- Generated by org.testng.reporters.JUnitReportReporter -->
<testsuite hostname="DESKTOP-VLHIS80" failures="0" tests="3" name="codenboxautomationlabNEW.codenboxautomationlabNEW.AppTest" time="2.176" errors="0" timestamp="2025-04-21T21:51:38 GMT+03:00" skipped="2">
  <testcase classname="codenboxautomationlabNEW.codenboxautomationlabNEW.AppTest" name="StaticDropdown" time="2.176"/>
  <testcase classname="codenboxautomationlabNEW.codenboxautomationlabNEW.AppTest" name="Dynamic_Dropdown">
    <skipped/>
  </testcase> <!-- Dynamic_Dropdown -->
  <testcase classname="codenboxautomationlabNEW.codenboxautomationlabNEW.AppTest" name="RadioButton">
    <skipped/>
  </testcase> <!-- RadioButton -->
</testsuite> <!-- codenboxautomationlabNEW.codenboxautomationlabNEW.AppTest -->
